# JRE version: 7.0_17-b02
# Java VM: Java HotSpot(TM) 64-Bit Server VM (23.7-b01 mixed mode linux-amd64 compressed oops)
Heap
 PSYoungGen      total 112128K, used 54815K [0x00000000f5560000, 0x00000000ffcb0000, 0x0000000100000000)
  eden space 93312K, 38% used [0x00000000f5560000,0x00000000f788a648,0x00000000fb080000)
  from space 18816K, 99% used [0x00000000fb080000,0x00000000fc2dd6b0,0x00000000fc2e0000)
  to   space 38912K, 0% used [0x00000000fd6b0000,0x00000000fd6b0000,0x00000000ffcb0000)
 ParOldGen       total 113856K, used 61078K [0x00000000e0000000, 0x00000000e6f30000, 0x00000000f5560000)
  object space 113856K, 53% used [0x00000000e0000000,0x00000000e3ba5b28,0x00000000e6f30000)
 PSPermGen       total 121856K, used 84667K [0x00000000d0000000, 0x00000000d7700000, 0x00000000e0000000)
  object space 121856K, 69% used [0x00000000d0000000,0x00000000d52aeea0,0x00000000d7700000)
GC Heap History (10 events):
Event: 4.226 GC heap before
{Heap before GC invocations=13 (full 1):
 PSYoungGen      total 137856K, used 137840K [0x00000000f5560000, 0x0000000100000000, 0x0000000100000000)
  eden space 115904K, 100% used [0x00000000f5560000,0x00000000fc690000,0x00000000fc690000)
  from space 21952K, 99% used [0x00000000fc690000,0x00000000fdbfc030,0x00000000fdc00000)
  to   space 31808K, 0% used [0x00000000fe0f0000,0x00000000fe0f0000,0x0000000100000000)
 ParOldGen       total 75328K, used 58023K [0x00000000e0000000, 0x00000000e4990000, 0x00000000f5560000)
  object space 75328K, 77% used [0x00000000e0000000,0x00000000e38a9c60,0x00000000e4990000)
 PSPermGen       total 92672K, used 62612K [0x00000000d0000000, 0x00000000d5a80000, 0x00000000e0000000)
  object space 92672K, 67% used [0x00000000d0000000,0x00000000d3d25090,0x00000000d5a80000)
Event: 4.248 GC heap after
Heap after GC invocations=13 (full 1):
 PSYoungGen      total 130880K, used 31779K [0x00000000f5560000, 0x0000000100000000, 0x0000000100000000)
  eden space 99072K, 0% used [0x00000000f5560000,0x00000000f5560000,0x00000000fb620000)
  from space 31808K, 99% used [0x00000000fe0f0000,0x00000000ffff8d40,0x0000000100000000)
  to   space 37824K, 0% used [0x00000000fb620000,0x00000000fb620000,0x00000000fdb10000)
 ParOldGen       total 75328K, used 60986K [0x00000000e0000000, 0x00000000e4990000, 0x00000000f5560000)
  object space 75328K, 80% used [0x00000000e0000000,0x00000000e3b8ea60,0x00000000e4990000)
 PSPermGen       total 92672K, used 62612K [0x00000000d0000000, 0x00000000d5a80000, 0x00000000e0000000)
  object space 92672K, 67% used [0x00000000d0000000,0x00000000d3d25090,0x00000000d5a80000)
}
Event: 5.654 GC heap before
{Heap before GC invocations=14 (full 1):
 PSYoungGen      total 130880K, used 130851K [0x00000000f5560000, 0x0000000100000000, 0x0000000100000000)
  eden space 99072K, 100% used [0x00000000f5560000,0x00000000fb620000,0x00000000fb620000)
  from space 31808K, 99% used [0x00000000fe0f0000,0x00000000ffff8d40,0x0000000100000000)
  to   space 37824K, 0% used [0x00000000fb620000,0x00000000fb620000,0x00000000fdb10000)
 ParOldGen       total 75328K, used 60986K [0x00000000e0000000, 0x00000000e4990000, 0x00000000f5560000)
  object space 75328K, 80% used [0x00000000e0000000,0x00000000e3b8ea60,0x00000000e4990000)
 PSPermGen       total 92672K, used 74634K [0x00000000d0000000, 0x00000000d5a80000, 0x00000000e0000000)
  object space 92672K, 80% used [0x00000000d0000000,0x00000000d48e28c0,0x00000000d5a80000)
Event: 5.677 GC heap after
Heap after GC invocations=14 (full 1):
 PSYoungGen      total 134208K, used 35088K [0x00000000f5560000, 0x0000000100000000, 0x0000000100000000)
  eden space 99072K, 0% used [0x00000000f5560000,0x00000000f5560000,0x00000000fb620000)
  from space 35136K, 99% used [0x00000000fb620000,0x00000000fd8640d0,0x00000000fd870000)
  to   space 40512K, 0% used [0x00000000fd870000,0x00000000fd870000,0x0000000100000000)
 ParOldGen       total 75328K, used 68786K [0x00000000e0000000, 0x00000000e4990000, 0x00000000f5560000)
  object space 75328K, 91% used [0x00000000e0000000,0x00000000e432cb40,0x00000000e4990000)
 PSPermGen       total 92672K, used 74634K [0x00000000d0000000, 0x00000000d5a80000, 0x00000000e0000000)
  object space 92672K, 80% used [0x00000000d0000000,0x00000000d48e28c0,0x00000000d5a80000)
}
Event: 5.677 GC heap before
{Heap before GC invocations=15 (full 2):
 PSYoungGen      total 134208K, used 35088K [0x00000000f5560000, 0x0000000100000000, 0x0000000100000000)
  eden space 99072K, 0% used [0x00000000f5560000,0x00000000f5560000,0x00000000fb620000)
  from space 35136K, 99% used [0x00000000fb620000,0x00000000fd8640d0,0x00000000fd870000)
  to   space 40512K, 0% used [0x00000000fd870000,0x00000000fd870000,0x0000000100000000)
 ParOldGen       total 75328K, used 68786K [0x00000000e0000000, 0x00000000e4990000, 0x00000000f5560000)
  object space 75328K, 91% used [0x00000000e0000000,0x00000000e432cb40,0x00000000e4990000)
 PSPermGen       total 92672K, used 74634K [0x00000000d0000000, 0x00000000d5a80000, 0x00000000e0000000)
  object space 92672K, 80% used [0x00000000d0000000,0x00000000d48e28c0,0x00000000d5a80000)
Event: 5.874 GC heap after
Heap after GC invocations=15 (full 2):
 PSYoungGen      total 134208K, used 0K [0x00000000f5560000, 0x0000000100000000, 0x0000000100000000)
  eden space 99072K, 0% used [0x00000000f5560000,0x00000000f5560000,0x00000000fb620000)
  from space 35136K, 0% used [0x00000000fb620000,0x00000000fb620000,0x00000000fd870000)
  to   space 40512K, 0% used [0x00000000fd870000,0x00000000fd870000,0x0000000100000000)
 ParOldGen       total 113856K, used 61062K [0x00000000e0000000, 0x00000000e6f30000, 0x00000000f5560000)
  object space 113856K, 53% used [0x00000000e0000000,0x00000000e3ba1b28,0x00000000e6f30000)
 PSPermGen       total 121856K, used 70780K [0x00000000d0000000, 0x00000000d7700000, 0x00000000e0000000)
  object space 121856K, 58% used [0x00000000d0000000,0x00000000d451f2a8,0x00000000d7700000)
}
Event: 26.175 GC heap before
{Heap before GC invocations=16 (full 2):
 PSYoungGen      total 134208K, used 99072K [0x00000000f5560000, 0x0000000100000000, 0x0000000100000000)
  eden space 99072K, 100% used [0x00000000f5560000,0x00000000fb620000,0x00000000fb620000)
  from space 35136K, 0% used [0x00000000fb620000,0x00000000fb620000,0x00000000fd870000)
  to   space 40512K, 0% used [0x00000000fd870000,0x00000000fd870000,0x0000000100000000)
 ParOldGen       total 113856K, used 61062K [0x00000000e0000000, 0x00000000e6f30000, 0x00000000f5560000)
  object space 113856K, 53% used [0x00000000e0000000,0x00000000e3ba1b28,0x00000000e6f30000)
 PSPermGen       total 121856K, used 77060K [0x00000000d0000000, 0x00000000d7700000, 0x00000000e0000000)
  object space 121856K, 63% used [0x00000000d0000000,0x00000000d4b41148,0x00000000d7700000)
Event: 26.198 GC heap after
Heap after GC invocations=16 (full 2):
 PSYoungGen      total 133824K, used 15103K [0x00000000f5560000, 0x0000000100000000, 0x0000000100000000)
  eden space 93312K, 0% used [0x00000000f5560000,0x00000000f5560000,0x00000000fb080000)
  from space 40512K, 37% used [0x00000000fd870000,0x00000000fe72fe18,0x0000000100000000)
  to   space 40704K, 0% used [0x00000000fb080000,0x00000000fb080000,0x00000000fd840000)
 ParOldGen       total 113856K, used 61070K [0x00000000e0000000, 0x00000000e6f30000, 0x00000000f5560000)
  object space 113856K, 53% used [0x00000000e0000000,0x00000000e3ba3b28,0x00000000e6f30000)
 PSPermGen       total 121856K, used 77060K [0x00000000d0000000, 0x00000000d7700000, 0x00000000e0000000)
  object space 121856K, 63% used [0x00000000d0000000,0x00000000d4b41148,0x00000000d7700000)
}
Event: 27.354 GC heap before
{Heap before GC invocations=17 (full 2):
 PSYoungGen      total 133824K, used 108415K [0x00000000f5560000, 0x0000000100000000, 0x0000000100000000)
  eden space 93312K, 100% used [0x00000000f5560000,0x00000000fb080000,0x00000000fb080000)
  from space 40512K, 37% used [0x00000000fd870000,0x00000000fe72fe18,0x0000000100000000)
  to   space 40704K, 0% used [0x00000000fb080000,0x00000000fb080000,0x00000000fd840000)
 ParOldGen       total 113856K, used 61070K [0x00000000e0000000, 0x00000000e6f30000, 0x00000000f5560000)
  object space 113856K, 53% used [0x00000000e0000000,0x00000000e3ba3b28,0x00000000e6f30000)
 PSPermGen       total 121856K, used 84355K [0x00000000d0000000, 0x00000000d7700000, 0x00000000e0000000)
  object space 121856K, 69% used [0x00000000d0000000,0x00000000d5260f08,0x00000000d7700000)
Event: 27.365 GC heap after
Heap after GC invocations=17 (full 2):
 PSYoungGen      total 112128K, used 18805K [0x00000000f5560000, 0x00000000ffcb0000, 0x0000000100000000)
  eden space 93312K, 0% used [0x00000000f5560000,0x00000000f5560000,0x00000000fb080000)
  from space 18816K, 99% used [0x00000000fb080000,0x00000000fc2dd6b0,0x00000000fc2e0000)
  to   space 38912K, 0% used [0x00000000fd6b0000,0x00000000fd6b0000,0x00000000ffcb0000)
 ParOldGen       total 113856K, used 61078K [0x00000000e0000000, 0x00000000e6f30000, 0x00000000f5560000)
  object space 113856K, 53% used [0x00000000e0000000,0x00000000e3ba5b28,0x00000000e6f30000)
 PSPermGen       total 121856K, used 84355K [0x00000000d0000000, 0x00000000d7700000, 0x00000000e0000000)
  object space 121856K, 69% used [0x00000000d0000000,0x00000000d5260f08,0x00000000d7700000)
}

